26 Apr 2024 18:08:18 DEBUG: Parsing relationship: /xl/_rels/workbook.xml.rels
26 Apr 2024 18:08:18 DEBUG: Parsing relationship: /_rels/.rels
26 Apr 2024 18:08:18 TRACE: Loading type system org.apache.poi.schemas.ooxml.system.ooxml
26 Apr 2024 18:08:18 TRACE: Loading type system org.apache.xmlbeans.metadata.system.sXMLCONFIG
26 Apr 2024 18:08:18 TRACE: Loading type system org.apache.xmlbeans.metadata.system.sXMLLANG
26 Apr 2024 18:08:18 TRACE: Loading type system org.apache.xmlbeans.metadata.system.sXMLSCHEMA
26 Apr 2024 18:08:18 TRACE: Loading type system org.apache.xmlbeans.metadata.system.sXMLTOOLS
26 Apr 2024 18:08:18 TRACE: Reading unresolved handles for type system org.apache.xmlbeans.metadata.system.sXMLTOOLS
26 Apr 2024 18:08:18 TRACE: Finished loading type system org.apache.xmlbeans.metadata.system.sXMLTOOLS
26 Apr 2024 18:08:18 TRACE: Reading unresolved handles for type system org.apache.xmlbeans.metadata.system.sXMLSCHEMA
26 Apr 2024 18:08:18 TRACE: Finished loading type system org.apache.xmlbeans.metadata.system.sXMLSCHEMA
26 Apr 2024 18:08:18 TRACE: Reading unresolved handles for type system org.apache.xmlbeans.metadata.system.sXMLLANG
26 Apr 2024 18:08:18 TRACE: Finished loading type system org.apache.xmlbeans.metadata.system.sXMLLANG
26 Apr 2024 18:08:18 TRACE: Reading unresolved handles for type system org.apache.xmlbeans.metadata.system.sXMLCONFIG
26 Apr 2024 18:08:18 TRACE: Finished loading type system org.apache.xmlbeans.metadata.system.sXMLCONFIG
26 Apr 2024 18:08:18 TRACE: Reading unresolved handles for type system org.apache.poi.schemas.ooxml.system.ooxml
26 Apr 2024 18:08:18 TRACE: Finished loading type system org.apache.poi.schemas.ooxml.system.ooxml
26 Apr 2024 18:08:18 TRACE: Resolving type for handle themefd26doctype
26 Apr 2024 18:08:18 TRACE: Resolving type for handle stylesheet5d8bdoctype
26 Apr 2024 18:08:18 TRACE: Resolving type for handle ctstylesheet4257type
26 Apr 2024 18:08:18 TRACE: Resolving type for handle ctfonts6623type
26 Apr 2024 18:08:18 TRACE: Resolving type for handle ctfont14d8type
26 Apr 2024 18:08:18 TRACE: Resolving type for handle ctfills2c6ftype
26 Apr 2024 18:08:18 TRACE: Resolving type for handle ctfill550ctype
26 Apr 2024 18:08:18 TRACE: Resolving type for handle ctborders0d66type
26 Apr 2024 18:08:18 TRACE: Resolving type for handle ctborderf935type
26 Apr 2024 18:08:18 TRACE: Resolving type for handle ctcellxfs1322type
26 Apr 2024 18:08:18 TRACE: Resolving type for handle ctxf97f7type
26 Apr 2024 18:08:18 TRACE: Resolving type for handle ctcellstylexfsa81ftype
26 Apr 2024 18:08:18 TRACE: Resolving type for handle ctdxfsb26atype
26 Apr 2024 18:08:18 TRACE: Resolving type for handle cttablestyles872ftype
26 Apr 2024 18:08:18 TRACE: Resolving type for handle sstf81fdoctype
26 Apr 2024 18:08:18 TRACE: Resolving type for handle ctsst44f3type
26 Apr 2024 18:08:18 TRACE: Resolving type for handle ctrsta472type
26 Apr 2024 18:08:18 TRACE: Resolving type for handle workbookec17doctype
26 Apr 2024 18:08:18 TRACE: Resolving type for handle ctworkbook83c3type
26 Apr 2024 18:08:18 TRACE: Resolving type for handle ctsheets49fdtype
26 Apr 2024 18:08:18 TRACE: Resolving type for handle ctsheet4dbetype
26 Apr 2024 18:08:18 TRACE: Resolving type for handle strelationshipid1e94type
26 Apr 2024 18:08:18 TRACE: Resolving type for handle worksheetf539doctype
26 Apr 2024 18:08:18 TRACE: Resolving type for handle ctworksheet530dtype
26 Apr 2024 18:08:18 TRACE: Resolving type for handle ctcols627ctype
26 Apr 2024 18:08:18 TRACE: Resolving type for handle ctcola95ftype
26 Apr 2024 18:08:18 TRACE: Resolving type for handle ctsheetdata8408type
26 Apr 2024 18:08:18 TRACE: Resolving type for handle ctrowdd39type
26 Apr 2024 18:08:18 TRACE: Resolving type for handle ctcell842btype
26 Apr 2024 18:08:18 TRACE: Resolving type for handle stcellrefe4e0type
26 Apr 2024 18:08:18 TRACE: Resolving type for handle stcelltypebf95type
26 Apr 2024 18:08:18 TRACE: Resolving type for handle stxstringf179type
26 Apr 2024 18:08:45 INFO : The text contains Chetan Bhagat
26 Apr 2024 18:08:45 DEBUG: Parsing relationship: /xl/_rels/workbook.xml.rels
26 Apr 2024 18:08:45 DEBUG: Parsing relationship: /_rels/.rels
26 Apr 2024 18:08:59 DEBUG: Parsing relationship: /xl/_rels/workbook.xml.rels
26 Apr 2024 18:08:59 DEBUG: Parsing relationship: /_rels/.rels
